timestamp: 2013-02-05T16:56:28.298210
CREATE TABLE empresa(
    id INTEGER PRIMARY KEY AUTOINCREMENT,
    nombre CHAR(100),
    descripcion TEXT NOT NULL,
    direccion CHAR(250) NOT NULL,
    localidad CHAR(100) NOT NULL,
    cod_postal CHAR(5) NOT NULL,
    email CHAR(100) NOT NULL,
    www CHAR(200) NOT NULL
);
success!
timestamp: 2013-02-05T16:56:28.302983
CREATE TABLE iva(
    id INTEGER PRIMARY KEY AUTOINCREMENT,
    descripcion CHAR(100),
    valor DOUBLE NOT NULL,
    activo CHAR(1) NOT NULL DEFAULT 'T'
);
success!
timestamp: 2013-02-05T16:56:28.304363
CREATE TABLE retencion(
    id INTEGER PRIMARY KEY AUTOINCREMENT,
    descripcion CHAR(100),
    valor DOUBLE NOT NULL,
    activo CHAR(1) NOT NULL DEFAULT 'T'
);
success!
